2017-07-08 10:00:15,916 - INFO     - File Logging Started, current level is <bound method RootLogger.getEffectiveLevel of <logging.RootLogger object at 0x769b48d0>>
2017-07-08 10:00:15,917 - INFO     - Screen Logging Started, current level is <bound method RootLogger.getEffectiveLevel of <logging.RootLogger object at 0x769b48d0>>
2017-07-08 10:00:15,918 - INFO     - Setting and Getting Parser arguments
2017-07-08 10:00:15,924 - DEBUG    - Parser values captured: Namespace(DeviceID=None, DisplayCal=None, DisplayPara=None, Logging=None, NewSensor=None, Reset=None, SensorID=None, SetCal=None, SetPara=None, Start=None)
2017-07-08 10:00:15,925 - DEBUG    - Opening proc/cpuinfo for CPU serial Number
2017-07-08 10:00:15,925 - INFO     - CPU Serial Number : 00000000c7fa1208
2017-07-08 10:00:15,927 - INFO     - [I2C COMMS] I2C connection created:<SMBus object at 0x761a68a8>
2017-07-08 10:00:15,927 - DEBUG    - [I2C COMMS] Class initiated
2017-07-08 10:00:15,928 - INFO     - [I2C COMMS] Read Data Bytes from address 80 starting at 0 for 2 bytes
2017-07-08 10:00:15,929 - INFO     - [I2C COMMS] Read Byte from address:0 from i2c device:80 and got this response:0
2017-07-08 10:00:15,930 - INFO     - [I2C COMMS] Read Byte from address:1 from i2c device:80 and got this response:2
2017-07-08 10:00:15,930 - DEBUG    - [I2C COMMS] Data bytes returned: [0, 2]
2017-07-08 10:00:15,930 - INFO     - [I2C COMMS] Read Data Bytes from address 80 starting at 14 for 2 bytes
2017-07-08 10:00:15,931 - INFO     - [I2C COMMS] Read Byte from address:14 from i2c device:80 and got this response:255
2017-07-08 10:00:15,932 - INFO     - [I2C COMMS] Read Byte from address:15 from i2c device:80 and got this response:255
2017-07-08 10:00:15,933 - DEBUG    - [I2C COMMS] Data bytes returned: [255, 255]
2017-07-08 10:00:15,933 - INFO     - [I2C COMMS] Read Data Bytes from address 80 starting at 16 for 16 bytes
2017-07-08 10:00:15,934 - INFO     - [I2C COMMS] Read Byte from address:16 from i2c device:80 and got this response:1
2017-07-08 10:00:15,934 - INFO     - [I2C COMMS] Read Byte from address:17 from i2c device:80 and got this response:68
2017-07-08 10:00:15,935 - INFO     - [I2C COMMS] Read Byte from address:18 from i2c device:80 and got this response:0
2017-07-08 10:00:15,936 - INFO     - [I2C COMMS] Read Byte from address:19 from i2c device:80 and got this response:0
2017-07-08 10:00:15,936 - INFO     - [I2C COMMS] Read Byte from address:20 from i2c device:80 and got this response:0
2017-07-08 10:00:15,937 - INFO     - [I2C COMMS] Read Byte from address:21 from i2c device:80 and got this response:2
2017-07-08 10:00:15,938 - INFO     - [I2C COMMS] Read Byte from address:22 from i2c device:80 and got this response:1
2017-07-08 10:00:15,938 - INFO     - [I2C COMMS] Read Byte from address:23 from i2c device:80 and got this response:0
2017-07-08 10:00:15,939 - INFO     - [I2C COMMS] Read Byte from address:24 from i2c device:80 and got this response:0
2017-07-08 10:00:15,940 - INFO     - [I2C COMMS] Read Byte from address:25 from i2c device:80 and got this response:0
2017-07-08 10:00:15,941 - INFO     - [I2C COMMS] Read Byte from address:26 from i2c device:80 and got this response:0
2017-07-08 10:00:15,942 - INFO     - [I2C COMMS] Read Byte from address:27 from i2c device:80 and got this response:0
2017-07-08 10:00:15,942 - INFO     - [I2C COMMS] Read Byte from address:28 from i2c device:80 and got this response:0
2017-07-08 10:00:15,943 - INFO     - [I2C COMMS] Read Byte from address:29 from i2c device:80 and got this response:0
2017-07-08 10:00:15,944 - INFO     - [I2C COMMS] Read Byte from address:30 from i2c device:80 and got this response:255
2017-07-08 10:00:15,945 - INFO     - [I2C COMMS] Read Byte from address:31 from i2c device:80 and got this response:255
2017-07-08 10:00:15,945 - DEBUG    - [I2C COMMS] Data bytes returned: [1, 68, 0, 0, 0, 2, 1, 0, 0, 0, 0, 0, 0, 0, 255, 255]
2017-07-08 10:00:15,946 - INFO     - [I2C COMMS] Read Data Bytes from address 80 starting at 32 for 16 bytes
2017-07-08 10:00:15,946 - INFO     - [I2C COMMS] Read Byte from address:32 from i2c device:80 and got this response:255
2017-07-08 10:00:15,947 - INFO     - [I2C COMMS] Read Byte from address:33 from i2c device:80 and got this response:255
2017-07-08 10:00:15,948 - INFO     - [I2C COMMS] Read Byte from address:34 from i2c device:80 and got this response:255
2017-07-08 10:00:15,949 - INFO     - [I2C COMMS] Read Byte from address:35 from i2c device:80 and got this response:255
2017-07-08 10:00:15,950 - INFO     - [I2C COMMS] Read Byte from address:36 from i2c device:80 and got this response:255
2017-07-08 10:00:15,951 - INFO     - [I2C COMMS] Read Byte from address:37 from i2c device:80 and got this response:255
2017-07-08 10:00:15,952 - INFO     - [I2C COMMS] Read Byte from address:38 from i2c device:80 and got this response:255
2017-07-08 10:00:15,952 - INFO     - [I2C COMMS] Read Byte from address:39 from i2c device:80 and got this response:255
2017-07-08 10:00:15,953 - INFO     - [I2C COMMS] Read Byte from address:40 from i2c device:80 and got this response:255
2017-07-08 10:00:15,954 - INFO     - [I2C COMMS] Read Byte from address:41 from i2c device:80 and got this response:255
2017-07-08 10:00:15,954 - INFO     - [I2C COMMS] Read Byte from address:42 from i2c device:80 and got this response:255
2017-07-08 10:00:15,955 - INFO     - [I2C COMMS] Read Byte from address:43 from i2c device:80 and got this response:255
2017-07-08 10:00:15,956 - INFO     - [I2C COMMS] Read Byte from address:44 from i2c device:80 and got this response:255
2017-07-08 10:00:15,956 - INFO     - [I2C COMMS] Read Byte from address:45 from i2c device:80 and got this response:255
2017-07-08 10:00:15,957 - INFO     - [I2C COMMS] Read Byte from address:46 from i2c device:80 and got this response:255
2017-07-08 10:00:15,958 - INFO     - [I2C COMMS] Read Byte from address:47 from i2c device:80 and got this response:255
2017-07-08 10:00:15,958 - DEBUG    - [I2C COMMS] Data bytes returned: [255, 255, 255, 255, 255, 255, 255, 255, 255, 255, 255, 255, 255, 255, 255, 255]
2017-07-08 10:00:15,958 - DEBUG    - [EEPROM] Calibration Data read from Id_IoT address 32 :[255, 255, 255, 255, 255, 255, 255, 255, 255, 255, 255, 255, 255, 255, 255, 255]
2017-07-08 10:00:15,959 - INFO     - [I2C COMMS] Read Data Bytes from address 80 starting at 48 for 16 bytes
2017-07-08 10:00:15,959 - INFO     - [I2C COMMS] Read Byte from address:48 from i2c device:80 and got this response:255
2017-07-08 10:00:15,960 - INFO     - [I2C COMMS] Read Byte from address:49 from i2c device:80 and got this response:255
2017-07-08 10:00:15,961 - INFO     - [I2C COMMS] Read Byte from address:50 from i2c device:80 and got this response:255
2017-07-08 10:00:15,961 - INFO     - [I2C COMMS] Read Byte from address:51 from i2c device:80 and got this response:255
2017-07-08 10:00:15,962 - INFO     - [I2C COMMS] Read Byte from address:52 from i2c device:80 and got this response:255
2017-07-08 10:00:15,963 - INFO     - [I2C COMMS] Read Byte from address:53 from i2c device:80 and got this response:255
2017-07-08 10:00:15,964 - INFO     - [I2C COMMS] Read Byte from address:54 from i2c device:80 and got this response:255
2017-07-08 10:00:15,965 - INFO     - [I2C COMMS] Read Byte from address:55 from i2c device:80 and got this response:255
2017-07-08 10:00:15,966 - INFO     - [I2C COMMS] Read Byte from address:56 from i2c device:80 and got this response:255
2017-07-08 10:00:15,966 - INFO     - [I2C COMMS] Read Byte from address:57 from i2c device:80 and got this response:255
2017-07-08 10:00:15,967 - INFO     - [I2C COMMS] Read Byte from address:58 from i2c device:80 and got this response:255
2017-07-08 10:00:15,968 - INFO     - [I2C COMMS] Read Byte from address:59 from i2c device:80 and got this response:255
2017-07-08 10:00:15,969 - INFO     - [I2C COMMS] Read Byte from address:60 from i2c device:80 and got this response:255
2017-07-08 10:00:15,969 - INFO     - [I2C COMMS] Read Byte from address:61 from i2c device:80 and got this response:255
2017-07-08 10:00:15,970 - INFO     - [I2C COMMS] Read Byte from address:62 from i2c device:80 and got this response:255
2017-07-08 10:00:15,971 - INFO     - [I2C COMMS] Read Byte from address:63 from i2c device:80 and got this response:255
2017-07-08 10:00:15,971 - DEBUG    - [I2C COMMS] Data bytes returned: [255, 255, 255, 255, 255, 255, 255, 255, 255, 255, 255, 255, 255, 255, 255, 255]
2017-07-08 10:00:15,971 - DEBUG    - [EEPROM] Calibration Data read from Id_IoT address 48 :[255, 255, 255, 255, 255, 255, 255, 255, 255, 255, 255, 255, 255, 255, 255, 255]
2017-07-08 10:00:15,971 - INFO     - [I2C COMMS] Read Data Bytes from address 80 starting at 64 for 16 bytes
2017-07-08 10:00:15,972 - INFO     - [I2C COMMS] Read Byte from address:64 from i2c device:80 and got this response:255
2017-07-08 10:00:15,973 - INFO     - [I2C COMMS] Read Byte from address:65 from i2c device:80 and got this response:255
2017-07-08 10:00:15,973 - INFO     - [I2C COMMS] Read Byte from address:66 from i2c device:80 and got this response:255
2017-07-08 10:00:15,974 - INFO     - [I2C COMMS] Read Byte from address:67 from i2c device:80 and got this response:255
2017-07-08 10:00:15,975 - INFO     - [I2C COMMS] Read Byte from address:68 from i2c device:80 and got this response:255
2017-07-08 10:00:15,976 - INFO     - [I2C COMMS] Read Byte from address:69 from i2c device:80 and got this response:255
2017-07-08 10:00:15,976 - INFO     - [I2C COMMS] Read Byte from address:70 from i2c device:80 and got this response:255
2017-07-08 10:00:15,977 - INFO     - [I2C COMMS] Read Byte from address:71 from i2c device:80 and got this response:255
2017-07-08 10:00:15,978 - INFO     - [I2C COMMS] Read Byte from address:72 from i2c device:80 and got this response:255
2017-07-08 10:00:15,978 - INFO     - [I2C COMMS] Read Byte from address:73 from i2c device:80 and got this response:255
2017-07-08 10:00:15,979 - INFO     - [I2C COMMS] Read Byte from address:74 from i2c device:80 and got this response:255
2017-07-08 10:00:15,980 - INFO     - [I2C COMMS] Read Byte from address:75 from i2c device:80 and got this response:255
2017-07-08 10:00:15,981 - INFO     - [I2C COMMS] Read Byte from address:76 from i2c device:80 and got this response:255
2017-07-08 10:00:15,982 - INFO     - [I2C COMMS] Read Byte from address:77 from i2c device:80 and got this response:255
2017-07-08 10:00:15,983 - INFO     - [I2C COMMS] Read Byte from address:78 from i2c device:80 and got this response:255
2017-07-08 10:00:15,983 - INFO     - [I2C COMMS] Read Byte from address:79 from i2c device:80 and got this response:255
2017-07-08 10:00:15,984 - DEBUG    - [I2C COMMS] Data bytes returned: [255, 255, 255, 255, 255, 255, 255, 255, 255, 255, 255, 255, 255, 255, 255, 255]
2017-07-08 10:00:15,984 - DEBUG    - [EEPROM] Calibration Data read from Id_IoT address 64 :[255, 255, 255, 255, 255, 255, 255, 255, 255, 255, 255, 255, 255, 255, 255, 255]
2017-07-08 10:00:15,984 - INFO     - [I2C COMMS] Read Data Bytes from address 80 starting at 80 for 16 bytes
2017-07-08 10:00:15,985 - INFO     - [I2C COMMS] Read Byte from address:80 from i2c device:80 and got this response:255
2017-07-08 10:00:15,985 - INFO     - [I2C COMMS] Read Byte from address:81 from i2c device:80 and got this response:255
2017-07-08 10:00:15,986 - INFO     - [I2C COMMS] Read Byte from address:82 from i2c device:80 and got this response:255
2017-07-08 10:00:15,987 - INFO     - [I2C COMMS] Read Byte from address:83 from i2c device:80 and got this response:255
2017-07-08 10:00:15,987 - INFO     - [I2C COMMS] Read Byte from address:84 from i2c device:80 and got this response:255
2017-07-08 10:00:15,988 - INFO     - [I2C COMMS] Read Byte from address:85 from i2c device:80 and got this response:255
2017-07-08 10:00:15,989 - INFO     - [I2C COMMS] Read Byte from address:86 from i2c device:80 and got this response:255
2017-07-08 10:00:15,990 - INFO     - [I2C COMMS] Read Byte from address:87 from i2c device:80 and got this response:255
2017-07-08 10:00:15,990 - INFO     - [I2C COMMS] Read Byte from address:88 from i2c device:80 and got this response:255
2017-07-08 10:00:15,991 - INFO     - [I2C COMMS] Read Byte from address:89 from i2c device:80 and got this response:255
2017-07-08 10:00:15,992 - INFO     - [I2C COMMS] Read Byte from address:90 from i2c device:80 and got this response:255
2017-07-08 10:00:15,992 - INFO     - [I2C COMMS] Read Byte from address:91 from i2c device:80 and got this response:255
2017-07-08 10:00:15,993 - INFO     - [I2C COMMS] Read Byte from address:92 from i2c device:80 and got this response:255
2017-07-08 10:00:15,994 - INFO     - [I2C COMMS] Read Byte from address:93 from i2c device:80 and got this response:255
2017-07-08 10:00:15,994 - INFO     - [I2C COMMS] Read Byte from address:94 from i2c device:80 and got this response:255
2017-07-08 10:00:15,995 - INFO     - [I2C COMMS] Read Byte from address:95 from i2c device:80 and got this response:255
2017-07-08 10:00:15,996 - DEBUG    - [I2C COMMS] Data bytes returned: [255, 255, 255, 255, 255, 255, 255, 255, 255, 255, 255, 255, 255, 255, 255, 255]
2017-07-08 10:00:15,996 - DEBUG    - [EEPROM] Calibration Data read from Id_IoT address 80 :[255, 255, 255, 255, 255, 255, 255, 255, 255, 255, 255, 255, 255, 255, 255, 255]
2017-07-08 10:00:15,997 - INFO     - [I2C COMMS] Read Data Bytes from address 80 starting at 96 for 16 bytes
2017-07-08 10:00:15,997 - INFO     - [I2C COMMS] Read Byte from address:96 from i2c device:80 and got this response:255
2017-07-08 10:00:15,998 - INFO     - [I2C COMMS] Read Byte from address:97 from i2c device:80 and got this response:255
2017-07-08 10:00:15,999 - INFO     - [I2C COMMS] Read Byte from address:98 from i2c device:80 and got this response:255
2017-07-08 10:00:16,000 - INFO     - [I2C COMMS] Read Byte from address:99 from i2c device:80 and got this response:255
2017-07-08 10:00:16,000 - INFO     - [I2C COMMS] Read Byte from address:100 from i2c device:80 and got this response:255
2017-07-08 10:00:16,001 - INFO     - [I2C COMMS] Read Byte from address:101 from i2c device:80 and got this response:255
2017-07-08 10:00:16,002 - INFO     - [I2C COMMS] Read Byte from address:102 from i2c device:80 and got this response:255
2017-07-08 10:00:16,002 - INFO     - [I2C COMMS] Read Byte from address:103 from i2c device:80 and got this response:255
2017-07-08 10:00:16,003 - INFO     - [I2C COMMS] Read Byte from address:104 from i2c device:80 and got this response:255
2017-07-08 10:00:16,004 - INFO     - [I2C COMMS] Read Byte from address:105 from i2c device:80 and got this response:255
2017-07-08 10:00:16,004 - INFO     - [I2C COMMS] Read Byte from address:106 from i2c device:80 and got this response:255
2017-07-08 10:00:16,005 - INFO     - [I2C COMMS] Read Byte from address:107 from i2c device:80 and got this response:255
2017-07-08 10:00:16,006 - INFO     - [I2C COMMS] Read Byte from address:108 from i2c device:80 and got this response:255
2017-07-08 10:00:16,006 - INFO     - [I2C COMMS] Read Byte from address:109 from i2c device:80 and got this response:255
2017-07-08 10:00:16,007 - INFO     - [I2C COMMS] Read Byte from address:110 from i2c device:80 and got this response:255
2017-07-08 10:00:16,008 - INFO     - [I2C COMMS] Read Byte from address:111 from i2c device:80 and got this response:255
2017-07-08 10:00:16,008 - DEBUG    - [I2C COMMS] Data bytes returned: [255, 255, 255, 255, 255, 255, 255, 255, 255, 255, 255, 255, 255, 255, 255, 255]
2017-07-08 10:00:16,009 - DEBUG    - [EEPROM] Calibration Data read from Id_IoT address 96 :[255, 255, 255, 255, 255, 255, 255, 255, 255, 255, 255, 255, 255, 255, 255, 255]
2017-07-08 10:00:16,009 - INFO     - [I2C COMMS] Read Data Bytes from address 80 starting at 112 for 16 bytes
2017-07-08 10:00:16,010 - INFO     - [I2C COMMS] Read Byte from address:112 from i2c device:80 and got this response:255
2017-07-08 10:00:16,010 - INFO     - [I2C COMMS] Read Byte from address:113 from i2c device:80 and got this response:255
2017-07-08 10:00:16,011 - INFO     - [I2C COMMS] Read Byte from address:114 from i2c device:80 and got this response:255
2017-07-08 10:00:16,012 - INFO     - [I2C COMMS] Read Byte from address:115 from i2c device:80 and got this response:255
2017-07-08 10:00:16,013 - INFO     - [I2C COMMS] Read Byte from address:116 from i2c device:80 and got this response:255
2017-07-08 10:00:16,014 - INFO     - [I2C COMMS] Read Byte from address:117 from i2c device:80 and got this response:255
2017-07-08 10:00:16,015 - INFO     - [I2C COMMS] Read Byte from address:118 from i2c device:80 and got this response:255
2017-07-08 10:00:16,015 - INFO     - [I2C COMMS] Read Byte from address:119 from i2c device:80 and got this response:255
2017-07-08 10:00:16,016 - INFO     - [I2C COMMS] Read Byte from address:120 from i2c device:80 and got this response:255
2017-07-08 10:00:16,017 - INFO     - [I2C COMMS] Read Byte from address:121 from i2c device:80 and got this response:255
2017-07-08 10:00:16,017 - INFO     - [I2C COMMS] Read Byte from address:122 from i2c device:80 and got this response:255
2017-07-08 10:00:16,018 - INFO     - [I2C COMMS] Read Byte from address:123 from i2c device:80 and got this response:255
2017-07-08 10:00:16,019 - INFO     - [I2C COMMS] Read Byte from address:124 from i2c device:80 and got this response:255
2017-07-08 10:00:16,019 - INFO     - [I2C COMMS] Read Byte from address:125 from i2c device:80 and got this response:255
2017-07-08 10:00:16,020 - INFO     - [I2C COMMS] Read Byte from address:126 from i2c device:80 and got this response:255
2017-07-08 10:00:16,021 - INFO     - [I2C COMMS] Read Byte from address:127 from i2c device:80 and got this response:255
2017-07-08 10:00:16,021 - DEBUG    - [I2C COMMS] Data bytes returned: [255, 255, 255, 255, 255, 255, 255, 255, 255, 255, 255, 255, 255, 255, 255, 255]
2017-07-08 10:00:16,021 - DEBUG    - [EEPROM] Calibration Data read from Id_IoT address 112 :[255, 255, 255, 255, 255, 255, 255, 255, 255, 255, 255, 255, 255, 255, 255, 255]
2017-07-08 10:00:16,022 - INFO     - [EEPROM] Complete Calibration datafile retrieved:[[255, 255, 255, 255, 255, 255, 255, 255, 255, 255, 255, 255, 255, 255, 255, 255], [255, 255, 255, 255, 255, 255, 255, 255, 255, 255, 255, 255, 255, 255, 255, 255], [255, 255, 255, 255, 255, 255, 255, 255, 255, 255, 255, 255, 255, 255, 255, 255], [255, 255, 255, 255, 255, 255, 255, 255, 255, 255, 255, 255, 255, 255, 255, 255], [255, 255, 255, 255, 255, 255, 255, 255, 255, 255, 255, 255, 255, 255, 255, 255], [255, 255, 255, 255, 255, 255, 255, 255, 255, 255, 255, 255, 255, 255, 255, 255]]
2017-07-08 10:00:16,022 - INFO     - Reading the datafile for sensor information
2017-07-08 10:00:16,022 - DEBUG    - DataFile in location:./datafile.txt
2017-07-08 10:00:16,023 - DEBUG    - datafile loaded ['i_cog_Ps_1,i-cog.Ps.1,Pressure / Altitude,ST LPS25HB,0x01,0x01\n', 'i_cog_Ps_2,i-cog.Ps.2,Pressure / Altitude,Bosch,0x01,0x02\n', 'i_cog_Ps_3,i-cog.Ps.3,Pressure / Altitude,Freescale,0x01,0x03\n', 'i_cog_Ls_1,i-cog.Ls.1,Light,Intersil,0x02,0x01\n', 'i_cog_Ls_2,i-cog.Ls.2,Light,Vishay UV,0x02,0x02\n', 'i_cog_Ls_3,i-cog.Ls.3,Light,Vishay VCNL4040,0x02,0x03\n', 'i_cog_Ts_1,i-cog.Ts.1,Temperature,ST HTS221,0x03,0x01\n', 'i_cog_Ts_2,i-cog.Ts.2,Temperature,Measurement Specialities,0x03,0x02\n', 'i_cog_Ts_3,i-cog.Ts.3,Temperature,TI HDC1008,0x03,0x03\n', 'i_cog_Rs_1,i-cog.Rs.1,Rate Sensor,Bosch,0x04,0x01\n', 'i_cog_Rs_2,i-cog.Rs.2,Rate Sensor,Freescale MMA8652FC,0x04,0x02\n', 'i_cog_Rs_3,i-cog.Rs.3,Rate Sensor,ST LIS3DH,0x04,0x03\n', 'i_cog_Rs_4,i-cog.Rs.4,Rate Sensor,Freescale FXAS21002C,0x04,0x04\n', 'i_cog_Rs_5,i-cog.Rs.5,Rate Sensor,Freescale FXOS8700CQ,0x04,0x05\n']
2017-07-08 10:00:16,023 - INFO     - Decoding the datafile, line by line
2017-07-08 10:00:16,023 - DEBUG    - Row of extracted data ['i_cog_Ps_1', 'i-cog.Ps.1', 'Pressure / Altitude', 'ST LPS25HB', '0x01', '0x01']
2017-07-08 10:00:16,024 - DEBUG    - Row of extracted data ['i_cog_Ps_2', 'i-cog.Ps.2', 'Pressure / Altitude', 'Bosch', '0x01', '0x02']
2017-07-08 10:00:16,024 - DEBUG    - Row of extracted data ['i_cog_Ps_3', 'i-cog.Ps.3', 'Pressure / Altitude', 'Freescale', '0x01', '0x03']
2017-07-08 10:00:16,024 - DEBUG    - Row of extracted data ['i_cog_Ls_1', 'i-cog.Ls.1', 'Light', 'Intersil', '0x02', '0x01']
2017-07-08 10:00:16,024 - DEBUG    - Row of extracted data ['i_cog_Ls_2', 'i-cog.Ls.2', 'Light', 'Vishay UV', '0x02', '0x02']
2017-07-08 10:00:16,025 - DEBUG    - Row of extracted data ['i_cog_Ls_3', 'i-cog.Ls.3', 'Light', 'Vishay VCNL4040', '0x02', '0x03']
2017-07-08 10:00:16,025 - DEBUG    - Row of extracted data ['i_cog_Ts_1', 'i-cog.Ts.1', 'Temperature', 'ST HTS221', '0x03', '0x01']
2017-07-08 10:00:16,025 - DEBUG    - Row of extracted data ['i_cog_Ts_2', 'i-cog.Ts.2', 'Temperature', 'Measurement Specialities', '0x03', '0x02']
2017-07-08 10:00:16,025 - DEBUG    - Row of extracted data ['i_cog_Ts_3', 'i-cog.Ts.3', 'Temperature', 'TI HDC1008', '0x03', '0x03']
2017-07-08 10:00:16,026 - DEBUG    - Row of extracted data ['i_cog_Rs_1', 'i-cog.Rs.1', 'Rate Sensor', 'Bosch', '0x04', '0x01']
2017-07-08 10:00:16,026 - DEBUG    - Row of extracted data ['i_cog_Rs_2', 'i-cog.Rs.2', 'Rate Sensor', 'Freescale MMA8652FC', '0x04', '0x02']
2017-07-08 10:00:16,026 - DEBUG    - Row of extracted data ['i_cog_Rs_3', 'i-cog.Rs.3', 'Rate Sensor', 'ST LIS3DH', '0x04', '0x03']
2017-07-08 10:00:16,026 - DEBUG    - Row of extracted data ['i_cog_Rs_4', 'i-cog.Rs.4', 'Rate Sensor', 'Freescale FXAS21002C', '0x04', '0x04']
2017-07-08 10:00:16,027 - DEBUG    - Row of extracted data ['i_cog_Rs_5', 'i-cog.Rs.5', 'Rate Sensor', 'Freescale FXOS8700CQ', '0x04', '0x05']
2017-07-08 10:00:16,027 - INFO     - Loop through datafile and set sensor information
2017-07-08 10:00:16,028 - DEBUG    - Match found for Sensor and Description
2017-07-08 10:00:16,028 - DEBUG    - Comms File:i_cog_Ls_1, Sensor: Light Part Number:i-cog.Ls.1 and Manufacturer:Intersil match found
2017-07-08 10:00:16,028 - INFO     - [I2C COMMS] Read Data Bytes from address 80 starting at 252 for 4 bytes
2017-07-08 10:00:16,029 - INFO     - [I2C COMMS] Read Byte from address:252 from i2c device:80 and got this response:0
2017-07-08 10:00:16,030 - INFO     - [I2C COMMS] Read Byte from address:253 from i2c device:80 and got this response:17
2017-07-08 10:00:16,031 - INFO     - [I2C COMMS] Read Byte from address:254 from i2c device:80 and got this response:22
2017-07-08 10:00:16,031 - INFO     - [I2C COMMS] Read Byte from address:255 from i2c device:80 and got this response:192
2017-07-08 10:00:16,032 - DEBUG    - [I2C COMMS] Data bytes returned: [0, 17, 22, 192]
2017-07-08 10:00:16,032 - DEBUG    - [EEPROM] UUID Valued:001116c0
2017-07-08 10:00:16,032 - INFO     - [EEPROM] Initialisation of the EEPROM has been completed
2017-07-08 10:00:16,032 - INFO     - [CTRL] Loading the iCog Comms file:i_cog_Ls_1
2017-07-08 10:00:16,034 - INFO     - [CTRL] Importing of the iCog file:i_cog_Ls_1 succeeded (<module 'i_cog_Ls_1' from '/home/pi/Projects/pineapple/PiApplication/i_cog_Ls_1.py'>)
2017-07-08 10:00:16,035 - INFO     - [CTRL] Required Connection bus:<cls_comms.i2c_comms object at 0x76103530> loaded
2017-07-08 10:00:16,035 - DEBUG    - [CTRL] calibration data being passed into iCog:<bound method ID_IoT.ReturnCalibrationData of <cls_EEPROM.ID_IoT object at 0x76103570>>
2017-07-08 10:00:16,035 - DEBUG    - [Ls1] cls_icog initialised
2017-07-08 10:00:16,035 - DEBUG    - [Ls1] Data being used to build calibration dictionary:<bound method ID_IoT.ReturnCalibrationData of <cls_EEPROM.ID_IoT object at 0x76103570>>
